0 info it worked if it ends with ok
1 verbose cli [ 'C:\\Program Files\\nodejs\\node.exe',
1 verbose cli   'C:\\Program Files\\nodejs\\node_modules\\npm\\bin\\npm-cli.js',
1 verbose cli   'install',
1 verbose cli   'babel-plugin-react-hot-loader/babel',
1 verbose cli   '--save' ]
2 info using npm@2.15.8
3 info using node@v4.4.7
4 verbose install initial load of C:\Users\Bobo\Documents\learning\react-redux-vk-api\package.json
5 verbose installManyTop reading scoped package data from C:\Users\Bobo\Documents\learning\react-redux-vk-api\node_modules\babel-core\package.json
6 verbose installManyTop reading scoped package data from C:\Users\Bobo\Documents\learning\react-redux-vk-api\node_modules\babel-eslint\package.json
7 verbose installManyTop reading scoped package data from C:\Users\Bobo\Documents\learning\react-redux-vk-api\node_modules\babel-loader\package.json
8 verbose installManyTop reading scoped package data from C:\Users\Bobo\Documents\learning\react-redux-vk-api\node_modules\babel-plugin-transform-runtime\package.json
9 verbose installManyTop reading scoped package data from C:\Users\Bobo\Documents\learning\react-redux-vk-api\node_modules\babel-polyfill\package.json
10 verbose installManyTop reading scoped package data from C:\Users\Bobo\Documents\learning\react-redux-vk-api\node_modules\babel-preset-es2015\package.json
11 verbose installManyTop reading scoped package data from C:\Users\Bobo\Documents\learning\react-redux-vk-api\node_modules\babel-preset-react\package.json
12 verbose installManyTop reading scoped package data from C:\Users\Bobo\Documents\learning\react-redux-vk-api\node_modules\babel-preset-stage-0\package.json
13 verbose installManyTop reading scoped package data from C:\Users\Bobo\Documents\learning\react-redux-vk-api\node_modules\babel-runtime\package.json
14 verbose installManyTop reading scoped package data from C:\Users\Bobo\Documents\learning\react-redux-vk-api\node_modules\eslint\package.json
15 verbose installManyTop reading scoped package data from C:\Users\Bobo\Documents\learning\react-redux-vk-api\node_modules\eslint-loader\package.json
16 verbose installManyTop reading scoped package data from C:\Users\Bobo\Documents\learning\react-redux-vk-api\node_modules\eslint-plugin-react\package.json
17 verbose installManyTop reading scoped package data from C:\Users\Bobo\Documents\learning\react-redux-vk-api\node_modules\express\package.json
18 verbose installManyTop reading scoped package data from C:\Users\Bobo\Documents\learning\react-redux-vk-api\node_modules\npm-install-webpack-plugin\package.json
19 verbose installManyTop reading scoped package data from C:\Users\Bobo\Documents\learning\react-redux-vk-api\node_modules\react\package.json
20 verbose installManyTop reading scoped package data from C:\Users\Bobo\Documents\learning\react-redux-vk-api\node_modules\react-dom\package.json
21 verbose installManyTop reading scoped package data from C:\Users\Bobo\Documents\learning\react-redux-vk-api\node_modules\react-hot-loader\package.json
22 verbose installManyTop reading scoped package data from C:\Users\Bobo\Documents\learning\react-redux-vk-api\node_modules\react-redux\package.json
23 verbose installManyTop reading scoped package data from C:\Users\Bobo\Documents\learning\react-redux-vk-api\node_modules\redux\package.json
24 verbose installManyTop reading scoped package data from C:\Users\Bobo\Documents\learning\react-redux-vk-api\node_modules\webpack\package.json
25 verbose installManyTop reading scoped package data from C:\Users\Bobo\Documents\learning\react-redux-vk-api\node_modules\webpack-dev-middleware\package.json
26 verbose installManyTop reading scoped package data from C:\Users\Bobo\Documents\learning\react-redux-vk-api\node_modules\webpack-hot-middleware\package.json
27 info package.json webpack-dev-middleware@1.7.0 No license field.
28 verbose readDependencies loading dependencies from C:\Users\Bobo\Documents\learning\react-redux-vk-api\package.json
29 silly cache add args [ 'babel-plugin-react-hot-loader/babel', null ]
30 verbose cache add spec babel-plugin-react-hot-loader/babel
31 silly cache add parsed spec Result {
31 silly cache add   raw: 'babel-plugin-react-hot-loader/babel',
31 silly cache add   scope: null,
31 silly cache add   name: null,
31 silly cache add   rawSpec: 'babel-plugin-react-hot-loader/babel',
31 silly cache add   spec: 'github:babel-plugin-react-hot-loader/babel',
31 silly cache add   type: 'hosted',
31 silly cache add   hosted:
31 silly cache add    { type: 'github',
31 silly cache add      ssh: 'git@github.com:babel-plugin-react-hot-loader/babel.git',
31 silly cache add      sshUrl: 'git+ssh://git@github.com/babel-plugin-react-hot-loader/babel.git',
31 silly cache add      httpsUrl: 'git+https://github.com/babel-plugin-react-hot-loader/babel.git',
31 silly cache add      gitUrl: 'git://github.com/babel-plugin-react-hot-loader/babel.git',
31 silly cache add      shortcut: 'github:babel-plugin-react-hot-loader/babel',
31 silly cache add      directUrl: 'https://raw.githubusercontent.com/babel-plugin-react-hot-loader/babel/master/package.json' } }
32 verbose addRemoteGit caching babel-plugin-react-hot-loader/babel
33 verbose addRemoteGit babel-plugin-react-hot-loader/babel is a repository hosted by github
34 silly tryGitProto attempting to clone git://github.com/babel-plugin-react-hot-loader/babel.git
35 silly tryClone cloning babel-plugin-react-hot-loader/babel via git://github.com/babel-plugin-react-hot-loader/babel.git
36 verbose tryClone git-github-com-babel-plugin-react-hot-loader-babel-git-e0e36660 not in flight; caching
37 verbose correctMkdir C:\Users\Bobo\AppData\Roaming\npm-cache\_git-remotes correctMkdir not in flight; initializing
38 info git [ 'config', '--get', 'remote.origin.url' ]
39 warn addRemoteGit Error: Command failed: git -c core.longpaths=true config --get remote.origin.url
39 warn addRemoteGit
39 warn addRemoteGit     at ChildProcess.exithandler (child_process.js:213:12)
39 warn addRemoteGit     at emitTwo (events.js:87:13)
39 warn addRemoteGit     at ChildProcess.emit (events.js:172:7)
39 warn addRemoteGit     at maybeClose (internal/child_process.js:827:16)
39 warn addRemoteGit     at Socket.<anonymous> (internal/child_process.js:319:11)
39 warn addRemoteGit     at emitOne (events.js:77:13)
39 warn addRemoteGit     at Socket.emit (events.js:169:7)
39 warn addRemoteGit     at Pipe._onclose (net.js:486:12)
39 warn addRemoteGit  babel-plugin-react-hot-loader/babel resetting remote C:\Users\Bobo\AppData\Roaming\npm-cache\_git-remotes\git-github-com-babel-plugin-react-hot-loader-babel-git-e0e36660 because of error: { [Error: Command failed: git -c core.longpaths=true config --get remote.origin.url
39 warn addRemoteGit ]
39 warn addRemoteGit   killed: false,
39 warn addRemoteGit   code: 1,
39 warn addRemoteGit   signal: null,
39 warn addRemoteGit   cmd: 'git -c core.longpaths=true config --get remote.origin.url' }
40 info resetRemote resetting C:\Users\Bobo\AppData\Roaming\npm-cache\_git-remotes\git-github-com-babel-plugin-react-hot-loader-babel-git-e0e36660 for babel-plugin-react-hot-loader/babel
41 silly gentlyRm C:\Users\Bobo\AppData\Roaming\npm-cache\_git-remotes\git-github-com-babel-plugin-react-hot-loader-babel-git-e0e36660 is being purged
42 verbose gentlyRm don't care about contents; nuking C:\Users\Bobo\AppData\Roaming\npm-cache\_git-remotes\git-github-com-babel-plugin-react-hot-loader-babel-git-e0e36660
43 silly vacuum-fs purging C:\Users\Bobo\AppData\Roaming\npm-cache\_git-remotes\git-github-com-babel-plugin-react-hot-loader-babel-git-e0e36660
44 silly vacuum-fs quitting because other entries in C:\Users\Bobo\AppData\Roaming\npm-cache\_git-remotes
45 info git [ 'clone',
45 info git   '--template=C:\\Users\\Bobo\\AppData\\Roaming\\npm-cache\\_git-remotes\\_templates',
45 info git   '--mirror',
45 info git   'git://github.com/babel-plugin-react-hot-loader/babel.git',
45 info git   'C:\\Users\\Bobo\\AppData\\Roaming\\npm-cache\\_git-remotes\\git-github-com-babel-plugin-react-hot-loader-babel-git-e0e36660' ]
46 error git clone --template=C:\Users\Bobo\AppData\Roaming\npm-cache\_git-remotes\_templates --mirror git://github.com/babel-plugin-react-hot-loader/babel.git C:\Users\Bobo\AppData\Roaming\npm-cache\_git-remotes\git-github-com-babel-plugin-react-hot-loader-babel-git-e0e36660: Cloning into bare repository 'C:\Users\Bobo\AppData\Roaming\npm-cache\_git-remotes\git-github-com-babel-plugin-react-hot-loader-babel-git-e0e36660'...
46 error git clone --template=C:\Users\Bobo\AppData\Roaming\npm-cache\_git-remotes\_templates --mirror git://github.com/babel-plugin-react-hot-loader/babel.git C:\Users\Bobo\AppData\Roaming\npm-cache\_git-remotes\git-github-com-babel-plugin-react-hot-loader-babel-git-e0e36660: fatal: remote error:
46 error git clone --template=C:\Users\Bobo\AppData\Roaming\npm-cache\_git-remotes\_templates --mirror git://github.com/babel-plugin-react-hot-loader/babel.git C:\Users\Bobo\AppData\Roaming\npm-cache\_git-remotes\git-github-com-babel-plugin-react-hot-loader-babel-git-e0e36660:   Repository not found.
47 silly tryHTTPS attempting to clone git+https://github.com/babel-plugin-react-hot-loader/babel.git
48 silly tryClone cloning babel-plugin-react-hot-loader/babel via git+https://github.com/babel-plugin-react-hot-loader/babel.git
49 verbose tryClone https-github-com-babel-plugin-react-hot-loader-babel-git-eca924d4 not in flight; caching
50 verbose correctMkdir C:\Users\Bobo\AppData\Roaming\npm-cache\_git-remotes correctMkdir not in flight; initializing
51 info git [ 'config', '--get', 'remote.origin.url' ]
52 warn addRemoteGit Error: Command failed: git -c core.longpaths=true config --get remote.origin.url
52 warn addRemoteGit
52 warn addRemoteGit     at ChildProcess.exithandler (child_process.js:213:12)
52 warn addRemoteGit     at emitTwo (events.js:87:13)
52 warn addRemoteGit     at ChildProcess.emit (events.js:172:7)
52 warn addRemoteGit     at maybeClose (internal/child_process.js:827:16)
52 warn addRemoteGit     at Process.ChildProcess._handle.onexit (internal/child_process.js:211:5)
52 warn addRemoteGit  babel-plugin-react-hot-loader/babel resetting remote C:\Users\Bobo\AppData\Roaming\npm-cache\_git-remotes\https-github-com-babel-plugin-react-hot-loader-babel-git-eca924d4 because of error: { [Error: Command failed: git -c core.longpaths=true config --get remote.origin.url
52 warn addRemoteGit ]
52 warn addRemoteGit   killed: false,
52 warn addRemoteGit   code: 1,
52 warn addRemoteGit   signal: null,
52 warn addRemoteGit   cmd: 'git -c core.longpaths=true config --get remote.origin.url' }
53 info resetRemote resetting C:\Users\Bobo\AppData\Roaming\npm-cache\_git-remotes\https-github-com-babel-plugin-react-hot-loader-babel-git-eca924d4 for babel-plugin-react-hot-loader/babel
54 silly gentlyRm C:\Users\Bobo\AppData\Roaming\npm-cache\_git-remotes\https-github-com-babel-plugin-react-hot-loader-babel-git-eca924d4 is being purged
55 verbose gentlyRm don't care about contents; nuking C:\Users\Bobo\AppData\Roaming\npm-cache\_git-remotes\https-github-com-babel-plugin-react-hot-loader-babel-git-eca924d4
56 silly vacuum-fs purging C:\Users\Bobo\AppData\Roaming\npm-cache\_git-remotes\https-github-com-babel-plugin-react-hot-loader-babel-git-eca924d4
57 silly vacuum-fs quitting because other entries in C:\Users\Bobo\AppData\Roaming\npm-cache\_git-remotes
58 info git [ 'clone',
58 info git   '--template=C:\\Users\\Bobo\\AppData\\Roaming\\npm-cache\\_git-remotes\\_templates',
58 info git   '--mirror',
58 info git   'https://github.com/babel-plugin-react-hot-loader/babel.git',
58 info git   'C:\\Users\\Bobo\\AppData\\Roaming\\npm-cache\\_git-remotes\\https-github-com-babel-plugin-react-hot-loader-babel-git-eca924d4' ]
59 error git clone --template=C:\Users\Bobo\AppData\Roaming\npm-cache\_git-remotes\_templates --mirror https://github.com/babel-plugin-react-hot-loader/babel.git C:\Users\Bobo\AppData\Roaming\npm-cache\_git-remotes\https-github-com-babel-plugin-react-hot-loader-babel-git-eca924d4: Cloning into bare repository 'C:\Users\Bobo\AppData\Roaming\npm-cache\_git-remotes\https-github-com-babel-plugin-react-hot-loader-babel-git-eca924d4'...
59 error git clone --template=C:\Users\Bobo\AppData\Roaming\npm-cache\_git-remotes\_templates --mirror https://github.com/babel-plugin-react-hot-loader/babel.git C:\Users\Bobo\AppData\Roaming\npm-cache\_git-remotes\https-github-com-babel-plugin-react-hot-loader-babel-git-eca924d4: remote: Repository not found.
59 error git clone --template=C:\Users\Bobo\AppData\Roaming\npm-cache\_git-remotes\_templates --mirror https://github.com/babel-plugin-react-hot-loader/babel.git C:\Users\Bobo\AppData\Roaming\npm-cache\_git-remotes\https-github-com-babel-plugin-react-hot-loader-babel-git-eca924d4: fatal: repository 'https://github.com/babel-plugin-react-hot-loader/babel.git/' not found
60 silly trySSH attempting to clone git@github.com:babel-plugin-react-hot-loader/babel.git
61 silly tryClone cloning babel-plugin-react-hot-loader/babel via git@github.com:babel-plugin-react-hot-loader/babel.git
62 verbose tryClone git-github-com-babel-plugin-react-hot-loader-babel-git-9937e8ff not in flight; caching
63 verbose correctMkdir C:\Users\Bobo\AppData\Roaming\npm-cache\_git-remotes correctMkdir not in flight; initializing
64 info git [ 'config', '--get', 'remote.origin.url' ]
65 warn addRemoteGit Error: Command failed: git -c core.longpaths=true config --get remote.origin.url
65 warn addRemoteGit
65 warn addRemoteGit     at ChildProcess.exithandler (child_process.js:213:12)
65 warn addRemoteGit     at emitTwo (events.js:87:13)
65 warn addRemoteGit     at ChildProcess.emit (events.js:172:7)
65 warn addRemoteGit     at maybeClose (internal/child_process.js:827:16)
65 warn addRemoteGit     at Process.ChildProcess._handle.onexit (internal/child_process.js:211:5)
65 warn addRemoteGit  babel-plugin-react-hot-loader/babel resetting remote C:\Users\Bobo\AppData\Roaming\npm-cache\_git-remotes\git-github-com-babel-plugin-react-hot-loader-babel-git-9937e8ff because of error: { [Error: Command failed: git -c core.longpaths=true config --get remote.origin.url
65 warn addRemoteGit ]
65 warn addRemoteGit   killed: false,
65 warn addRemoteGit   code: 1,
65 warn addRemoteGit   signal: null,
65 warn addRemoteGit   cmd: 'git -c core.longpaths=true config --get remote.origin.url' }
66 info resetRemote resetting C:\Users\Bobo\AppData\Roaming\npm-cache\_git-remotes\git-github-com-babel-plugin-react-hot-loader-babel-git-9937e8ff for babel-plugin-react-hot-loader/babel
67 silly gentlyRm C:\Users\Bobo\AppData\Roaming\npm-cache\_git-remotes\git-github-com-babel-plugin-react-hot-loader-babel-git-9937e8ff is being purged
68 verbose gentlyRm don't care about contents; nuking C:\Users\Bobo\AppData\Roaming\npm-cache\_git-remotes\git-github-com-babel-plugin-react-hot-loader-babel-git-9937e8ff
69 silly vacuum-fs purging C:\Users\Bobo\AppData\Roaming\npm-cache\_git-remotes\git-github-com-babel-plugin-react-hot-loader-babel-git-9937e8ff
70 silly vacuum-fs quitting because other entries in C:\Users\Bobo\AppData\Roaming\npm-cache\_git-remotes
71 info git [ 'clone',
71 info git   '--template=C:\\Users\\Bobo\\AppData\\Roaming\\npm-cache\\_git-remotes\\_templates',
71 info git   '--mirror',
71 info git   'git@github.com:babel-plugin-react-hot-loader/babel.git',
71 info git   'C:\\Users\\Bobo\\AppData\\Roaming\\npm-cache\\_git-remotes\\git-github-com-babel-plugin-react-hot-loader-babel-git-9937e8ff' ]
72 error git clone --template=C:\Users\Bobo\AppData\Roaming\npm-cache\_git-remotes\_templates --mirror git@github.com:babel-plugin-react-hot-loader/babel.git C:\Users\Bobo\AppData\Roaming\npm-cache\_git-remotes\git-github-com-babel-plugin-react-hot-loader-babel-git-9937e8ff: Cloning into bare repository 'C:\Users\Bobo\AppData\Roaming\npm-cache\_git-remotes\git-github-com-babel-plugin-react-hot-loader-babel-git-9937e8ff'...
72 error git clone --template=C:\Users\Bobo\AppData\Roaming\npm-cache\_git-remotes\_templates --mirror git@github.com:babel-plugin-react-hot-loader/babel.git C:\Users\Bobo\AppData\Roaming\npm-cache\_git-remotes\git-github-com-babel-plugin-react-hot-loader-babel-git-9937e8ff: Host key verification failed.
72 error git clone --template=C:\Users\Bobo\AppData\Roaming\npm-cache\_git-remotes\_templates --mirror git@github.com:babel-plugin-react-hot-loader/babel.git C:\Users\Bobo\AppData\Roaming\npm-cache\_git-remotes\git-github-com-babel-plugin-react-hot-loader-babel-git-9937e8ff: fatal: Could not read from remote repository.
72 error git clone --template=C:\Users\Bobo\AppData\Roaming\npm-cache\_git-remotes\_templates --mirror git@github.com:babel-plugin-react-hot-loader/babel.git C:\Users\Bobo\AppData\Roaming\npm-cache\_git-remotes\git-github-com-babel-plugin-react-hot-loader-babel-git-9937e8ff:
72 error git clone --template=C:\Users\Bobo\AppData\Roaming\npm-cache\_git-remotes\_templates --mirror git@github.com:babel-plugin-react-hot-loader/babel.git C:\Users\Bobo\AppData\Roaming\npm-cache\_git-remotes\git-github-com-babel-plugin-react-hot-loader-babel-git-9937e8ff: Please make sure you have the correct access rights
72 error git clone --template=C:\Users\Bobo\AppData\Roaming\npm-cache\_git-remotes\_templates --mirror git@github.com:babel-plugin-react-hot-loader/babel.git C:\Users\Bobo\AppData\Roaming\npm-cache\_git-remotes\git-github-com-babel-plugin-react-hot-loader-babel-git-9937e8ff: and the repository exists.
73 verbose stack Error: Command failed: git -c core.longpaths=true clone --template=C:\Users\Bobo\AppData\Roaming\npm-cache\_git-remotes\_templates --mirror git@github.com:babel-plugin-react-hot-loader/babel.git C:\Users\Bobo\AppData\Roaming\npm-cache\_git-remotes\git-github-com-babel-plugin-react-hot-loader-babel-git-9937e8ff
73 verbose stack Cloning into bare repository 'C:\Users\Bobo\AppData\Roaming\npm-cache\_git-remotes\git-github-com-babel-plugin-react-hot-loader-babel-git-9937e8ff'...
73 verbose stack Host key verification failed.
73 verbose stack fatal: Could not read from remote repository.
73 verbose stack
73 verbose stack Please make sure you have the correct access rights
73 verbose stack and the repository exists.
73 verbose stack
73 verbose stack     at ChildProcess.exithandler (child_process.js:213:12)
73 verbose stack     at emitTwo (events.js:87:13)
73 verbose stack     at ChildProcess.emit (events.js:172:7)
73 verbose stack     at maybeClose (internal/child_process.js:827:16)
73 verbose stack     at Process.ChildProcess._handle.onexit (internal/child_process.js:211:5)
74 verbose cwd C:\Users\Bobo\Documents\learning\react-redux-vk-api
75 error Windows_NT 10.0.10586
76 error argv "C:\\Program Files\\nodejs\\node.exe" "C:\\Program Files\\nodejs\\node_modules\\npm\\bin\\npm-cli.js" "install" "babel-plugin-react-hot-loader/babel" "--save"
77 error node v4.4.7
78 error npm  v2.15.8
79 error code 128
80 error Command failed: git -c core.longpaths=true clone --template=C:\Users\Bobo\AppData\Roaming\npm-cache\_git-remotes\_templates --mirror git@github.com:babel-plugin-react-hot-loader/babel.git C:\Users\Bobo\AppData\Roaming\npm-cache\_git-remotes\git-github-com-babel-plugin-react-hot-loader-babel-git-9937e8ff
80 error Cloning into bare repository 'C:\Users\Bobo\AppData\Roaming\npm-cache\_git-remotes\git-github-com-babel-plugin-react-hot-loader-babel-git-9937e8ff'...
80 error Host key verification failed.
80 error fatal: Could not read from remote repository.
80 error
80 error Please make sure you have the correct access rights
80 error and the repository exists.
81 error If you need help, you may report this error at:
81 error     <https://github.com/npm/npm/issues>
82 verbose exit [ 1, true ]
